── Input data frame structure: ──

'data.frame':	298 obs. of  4 variables:
 $ effect  : num  -1 2 -2 4 -5 4 -2 2 -2 3 ...
 $ se      : num  1.21 0.793 2.64 1.526 2.764 ...
 $ n_obs   : int  543 543 543 543 543 543 529 529 529 529 ...
 $ study_id: chr  "Lin et al" "Lin et al" "Lin et al" "Lin et al" ...

── Input parameters: ──

$modelType
[1] "MAIVE"
$includeStudyDummies
[1] TRUE
$includeStudyClustering
[1] TRUE
$standardErrorTreatment
[1] "bootstrap"
$computeAndersonRubin
[1] TRUE
$maiveMethod
[1] "PET-PEESE"
$weight
[1] "equal_weights"
$shouldUseInstrumenting
[1] TRUE
$useLogFirstStage
[1] FALSE
$winsorize
[1] FALSE

── Original data frame: ──

  effect        se n_obs  study_id
1     -1 1.2102206   543 Lin et al
2      2 0.7934484   543 Lin et al
3     -2 2.6398007   543 Lin et al
4      4 1.5258374   543 Lin et al
5     -5 2.7639093   543 Lin et al
6      4 1.8604979   543 Lin et al

── Final data frame for MAIVE: ──

  bs      sebs  Ns  study_id
1 -1 1.2102206 543 Lin et al
2  2 0.7934484 543 Lin et al
3 -2 2.6398007 543 Lin et al
4  4 1.5258374 543 Lin et al
5 -5 2.7639093 543 Lin et al
6  4 1.8604979 543 Lin et al

ℹ standardErrorTreatment parameter: bootstrap
ℹ standard_error_treatment result: 3
ℹ maiveMethod parameter: PET-PEESE
ℹ weight parameter: equal_weights
ℹ maive_method result: 3

── MAIVE parameters: ──

method: 3
weight: 0
instrument: 1
studylevel: 3
SE: 3
AR: 1
log first stage: FALSE

── Checking for NA values: ──

NA values in bs: 0
NA values in sebs: 0
NA values in Ns: 0

✖ MAIVE function error: 'names' attribute [2] must be the same length as the vector [1]
✖ Error traceback:
No traceback available 
NULL
✖ Error in run-model endpoint: 'names' attribute [2] must be the same length as the vector [1]

── Error traceback: ──

